Using pre-set license
Built from '2020.3/staging' branch; Version is '2020.3.0f1 (c7b5465681fb) revision 13088070'; Using compiler version '192528614'; Build Type 'Release'
OS: 'Windows 10 Home Single Language; OS build 19044.1469; Version 2009; 64bit' Language: 'ru' Physical Memory: 16328 MB
BatchMode: 1, IsHumanControllingUs: 0, StartBugReporterOnCrash: 0, Is64bit: 1, IsPro: 0

 COMMAND LINE ARGUMENTS:
D:\Unity\2020.3.0f1\Editor\Unity.exe
-adb2
-batchMode
-noUpm
-name
AssetImportWorker0
-projectPath
D:/probable-invention/OUR GAME
-logFile
Logs/AssetImportWorker0.log
-srvPort
58835
Successfully changed project path to: D:/probable-invention/OUR GAME
D:/probable-invention/OUR GAME
Using Asset Import Pipeline V2.
Refreshing native plugins compatible for Editor in 28.12 ms, found 0 plugins.
Preloading 0 native plugins for Editor in 0.00 ms.
Initialize engine version: 2020.3.0f1 (c7b5465681fb)
[Subsystems] Discovering subsystems at path D:/Unity/2020.3.0f1/Editor/Data/Resources/UnitySubsystems
[Subsystems] Discovering subsystems at path D:/probable-invention/OUR GAME/Assets
GfxDevice: creating device client; threaded=0
Direct3D:
    Version:  Direct3D 11.0 [level 11.1]
    Renderer: NVIDIA GeForce RTX 2060 SUPER (ID=0x1f06)
    Vendor:   
    VRAM:     8031 MB
    Driver:   30.0.15.1123
Initialize mono
Mono path[0] = 'D:/Unity/2020.3.0f1/Editor/Data/Managed'
Mono path[1] = 'D:/Unity/2020.3.0f1/Editor/Data/MonoBleedingEdge/lib/mono/unityjit'
Mono config path = 'D:/Unity/2020.3.0f1/Editor/Data/MonoBleedingEdge/etc'
Using monoOptions --debugger-agent=transport=dt_socket,embedding=1,server=y,suspend=n,address=127.0.0.1:56984
Begin MonoManager ReloadAssembly
Registering precompiled unity dll's ...
Register platform support module: D:/Unity/2020.3.0f1/Editor/Data/PlaybackEngines/WindowsStandaloneSupport/UnityEditor.WindowsStandalone.Extensions.dll
Registered in 0.001319 seconds.
Native extension for WindowsStandalone target not found
Refreshing native plugins compatible for Editor in 27.87 ms, found 0 plugins.
Preloading 0 native plugins for Editor in 0.00 ms.
Invoked RoslynAnalysisRunner static constructor.
RoslynAnalysisRunner will not be running.
RoslynAnalysisRunner has terminated.
Mono: successfully reloaded assembly
- Completed reload, in  0.973 seconds
Platform modules already initialized, skipping
Registering precompiled user dll's ...
Registered in 0.000542 seconds.
Begin MonoManager ReloadAssembly
Native extension for WindowsStandalone target not found
Refreshing native plugins compatible for Editor in 0.33 ms, found 0 plugins.
Preloading 0 native plugins for Editor in 0.00 ms.
Invoked RoslynAnalysisRunner static constructor.
RoslynAnalysisRunner will not be running.
RoslynAnalysisRunner has terminated.
Mono: successfully reloaded assembly
- Completed reload, in  0.697 seconds
Platform modules already initialized, skipping
========================================================================
Worker process is ready to serve import requests
Launched and connected shader compiler UnityShaderCompiler.exe after 0.04 seconds
Refreshing native plugins compatible for Editor in 0.32 ms, found 0 plugins.
Preloading 0 native plugins for Editor in 0.00 ms.
Unloading 1305 Unused Serialized files (Serialized files now loaded: 0)
System memory in use before: 90.1 MB.
System memory in use after: 89.8 MB.

Unloading 12 unused Assets to reduce memory usage. Loaded Objects now: 1772.
Total: 2.212000 ms (FindLiveObjects: 0.183300 ms CreateObjectMapping: 0.033400 ms MarkObjects: 1.648000 ms  DeleteObjects: 0.345900 ms)

========================================================================
Received Import Request.
  path: Assets/Textures/Puddles/puddle1.blend
  artifactKey: Guid(962493de3e5eb1249bbb8be80e932627) Importer(815301076,1909f56bfc062723c751e8b465ee728b)
Start importing Assets/Textures/Puddles/puddle1.blend using Guid(962493de3e5eb1249bbb8be80e932627) Importer(815301076,1909f56bfc062723c751e8b465ee728b)  -> (artifact id: 'ab3fd338d7b003dd97e1780218cd214e') in 0.143691 seconds
  Import took 0.146115 seconds .

========================================================================
Received Import Request.
  Time since last request: 865.157944 seconds.
  path: Assets/Textures/Puddles/puddle1.blend
  artifactKey: Guid(962493de3e5eb1249bbb8be80e932627) Importer(815301076,1909f56bfc062723c751e8b465ee728b)
Start importing Assets/Textures/Puddles/puddle1.blend using Guid(962493de3e5eb1249bbb8be80e932627) Importer(815301076,1909f56bfc062723c751e8b465ee728b)  -> (artifact id: 'be598fb2c4cd66c58565b3afb5445864') in 0.039797 seconds
  Import took 0.042574 seconds .

========================================================================
Received Prepare
Registering precompiled user dll's ...
Registered in 0.000945 seconds.
Begin MonoManager ReloadAssembly
Native extension for WindowsStandalone target not found
Refreshing native plugins compatible for Editor in 0.36 ms, found 0 plugins.
Preloading 0 native plugins for Editor in 0.00 ms.
Invoked RoslynAnalysisRunner static constructor.
RoslynAnalysisRunner will not be running.
RoslynAnalysisRunner has terminated.
Mono: successfully reloaded assembly
- Completed reload, in  0.690 seconds
Platform modules already initialized, skipping
Refreshing native plugins compatible for Editor in 0.38 ms, found 0 plugins.
Preloading 0 native plugins for Editor in 0.00 ms.
Unloading 1254 Unused Serialized files (Serialized files now loaded: 0)
System memory in use before: 90.0 MB.
System memory in use after: 89.7 MB.

Unloading 8 unused Assets to reduce memory usage. Loaded Objects now: 1818.
Total: 2.081800 ms (FindLiveObjects: 0.224000 ms CreateObjectMapping: 0.032600 ms MarkObjects: 1.495800 ms  DeleteObjects: 0.328400 ms)

AssetImportWorkerClient::OnTransportError - code=2 error=End of file
