Using pre-set license
Built from '2020.3/staging' branch; Version is '2020.3.0f1 (c7b5465681fb) revision 13088070'; Using compiler version '192528614'; Build Type 'Release'
OS: 'Windows 10 Home Single Language; OS build 19044.1469; Version 2009; 64bit' Language: 'ru' Physical Memory: 16328 MB
BatchMode: 1, IsHumanControllingUs: 0, StartBugReporterOnCrash: 0, Is64bit: 1, IsPro: 0

 COMMAND LINE ARGUMENTS:
D:\Unity\2020.3.0f1\Editor\Unity.exe
-adb2
-batchMode
-noUpm
-name
AssetImportWorker0
-projectPath
D:/probable-invention/OUR GAME
-logFile
Logs/AssetImportWorker0.log
-srvPort
57420
Successfully changed project path to: D:/probable-invention/OUR GAME
D:/probable-invention/OUR GAME
Using Asset Import Pipeline V2.
Refreshing native plugins compatible for Editor in 27.84 ms, found 0 plugins.
Preloading 0 native plugins for Editor in 0.00 ms.
Initialize engine version: 2020.3.0f1 (c7b5465681fb)
[Subsystems] Discovering subsystems at path D:/Unity/2020.3.0f1/Editor/Data/Resources/UnitySubsystems
[Subsystems] Discovering subsystems at path D:/probable-invention/OUR GAME/Assets
GfxDevice: creating device client; threaded=0
Direct3D:
    Version:  Direct3D 11.0 [level 11.1]
    Renderer: NVIDIA GeForce RTX 2060 SUPER (ID=0x1f06)
    Vendor:   
    VRAM:     8031 MB
    Driver:   30.0.15.1123
Initialize mono
Mono path[0] = 'D:/Unity/2020.3.0f1/Editor/Data/Managed'
Mono path[1] = 'D:/Unity/2020.3.0f1/Editor/Data/MonoBleedingEdge/lib/mono/unityjit'
Mono config path = 'D:/Unity/2020.3.0f1/Editor/Data/MonoBleedingEdge/etc'
Using monoOptions --debugger-agent=transport=dt_socket,embedding=1,server=y,suspend=n,address=127.0.0.1:56740
Begin MonoManager ReloadAssembly
Registering precompiled unity dll's ...
Register platform support module: D:/Unity/2020.3.0f1/Editor/Data/PlaybackEngines/WindowsStandaloneSupport/UnityEditor.WindowsStandalone.Extensions.dll
Registered in 0.001045 seconds.
Native extension for WindowsStandalone target not found
Refreshing native plugins compatible for Editor in 27.93 ms, found 0 plugins.
Preloading 0 native plugins for Editor in 0.00 ms.
Invoked RoslynAnalysisRunner static constructor.
RoslynAnalysisRunner will not be running.
RoslynAnalysisRunner has terminated.
Mono: successfully reloaded assembly
- Completed reload, in  0.969 seconds
Platform modules already initialized, skipping
Registering precompiled user dll's ...
Registered in 0.000829 seconds.
Begin MonoManager ReloadAssembly
Native extension for WindowsStandalone target not found
Refreshing native plugins compatible for Editor in 0.31 ms, found 0 plugins.
Preloading 0 native plugins for Editor in 0.00 ms.
Invoked RoslynAnalysisRunner static constructor.
RoslynAnalysisRunner will not be running.
RoslynAnalysisRunner has terminated.
Mono: successfully reloaded assembly
- Completed reload, in  0.678 seconds
Platform modules already initialized, skipping
========================================================================
Worker process is ready to serve import requests
Launched and connected shader compiler UnityShaderCompiler.exe after 0.03 seconds
Refreshing native plugins compatible for Editor in 0.38 ms, found 0 plugins.
Preloading 0 native plugins for Editor in 0.00 ms.
Unloading 1305 Unused Serialized files (Serialized files now loaded: 0)
System memory in use before: 90.1 MB.
System memory in use after: 89.8 MB.

Unloading 12 unused Assets to reduce memory usage. Loaded Objects now: 1772.
Total: 1.959200 ms (FindLiveObjects: 0.214000 ms CreateObjectMapping: 0.033800 ms MarkObjects: 1.374000 ms  DeleteObjects: 0.336400 ms)

========================================================================
Received Import Request.
  path: Assets/Materials/RainMaterial.mat
  artifactKey: Guid(a43028ae79055194ebbde4cae88595c4) Importer(815301076,1909f56bfc062723c751e8b465ee728b)
Start importing Assets/Materials/RainMaterial.mat using Guid(a43028ae79055194ebbde4cae88595c4) Importer(815301076,1909f56bfc062723c751e8b465ee728b)  -> (artifact id: '4da05cf350acbf424011b5ea56554f3f') in 0.102895 seconds
  Import took 0.105199 seconds .

========================================================================
Received Import Request.
  Time since last request: 1152.327982 seconds.
  path: Assets/Textures/RainMesh.blend
  artifactKey: Guid(cad3a4414fb54c2418cc3aafc7aa2628) Importer(815301076,1909f56bfc062723c751e8b465ee728b)
Start importing Assets/Textures/RainMesh.blend using Guid(cad3a4414fb54c2418cc3aafc7aa2628) Importer(815301076,1909f56bfc062723c751e8b465ee728b)  -> (artifact id: '28db963fccf8bd13857d91c4062dba83') in 0.140178 seconds
  Import took 0.142693 seconds .

========================================================================
Received Import Request.
  Time since last request: 158.794861 seconds.
  path: Assets/Textures/RainMesh.blend
  artifactKey: Guid(cad3a4414fb54c2418cc3aafc7aa2628) Importer(815301076,1909f56bfc062723c751e8b465ee728b)
Start importing Assets/Textures/RainMesh.blend using Guid(cad3a4414fb54c2418cc3aafc7aa2628) Importer(815301076,1909f56bfc062723c751e8b465ee728b)  -> (artifact id: '51564998b2d1513a9427bda33a86a823') in 0.099222 seconds
  Import took 0.102417 seconds .

========================================================================
Received Import Request.
  Time since last request: 67.417612 seconds.
  path: Assets/Textures/RainMesh.blend
  artifactKey: Guid(cad3a4414fb54c2418cc3aafc7aa2628) Importer(815301076,1909f56bfc062723c751e8b465ee728b)
Start importing Assets/Textures/RainMesh.blend using Guid(cad3a4414fb54c2418cc3aafc7aa2628) Importer(815301076,1909f56bfc062723c751e8b465ee728b)  -> (artifact id: 'a78a86eac511af67efb360cf1ca05847') in 0.055783 seconds
  Import took 0.058224 seconds .

========================================================================
Received Import Request.
  Time since last request: 0.009075 seconds.
  path: Assets/Textures/RainMesh.blend
  artifactKey: Guid(cad3a4414fb54c2418cc3aafc7aa2628) Importer(815301076,1909f56bfc062723c751e8b465ee728b)
Start importing Assets/Textures/RainMesh.blend using Guid(cad3a4414fb54c2418cc3aafc7aa2628) Importer(815301076,1909f56bfc062723c751e8b465ee728b)  -> (artifact id: 'a78a86eac511af67efb360cf1ca05847') in 0.073617 seconds
  Import took 0.075900 seconds .

========================================================================
Received Prepare
Registering precompiled user dll's ...
Registered in 0.000741 seconds.
Begin MonoManager ReloadAssembly
Native extension for WindowsStandalone target not found
Refreshing native plugins compatible for Editor in 0.32 ms, found 0 plugins.
Preloading 0 native plugins for Editor in 0.00 ms.
Invoked RoslynAnalysisRunner static constructor.
RoslynAnalysisRunner will not be running.
RoslynAnalysisRunner has terminated.
Mono: successfully reloaded assembly
- Completed reload, in  0.620 seconds
Platform modules already initialized, skipping
Refreshing native plugins compatible for Editor in 0.33 ms, found 0 plugins.
Preloading 0 native plugins for Editor in 0.00 ms.
Unloading 1254 Unused Serialized files (Serialized files now loaded: 0)
System memory in use before: 90.0 MB.
System memory in use after: 89.7 MB.

Unloading 7 unused Assets to reduce memory usage. Loaded Objects now: 1818.
Total: 1.819400 ms (FindLiveObjects: 0.196600 ms CreateObjectMapping: 0.032900 ms MarkObjects: 1.297200 ms  DeleteObjects: 0.291600 ms)

========================================================================
Received Import Request.
  Time since last request: 353.392494 seconds.
  path: Assets/Textures/RainMesh.blend
  artifactKey: Guid(cad3a4414fb54c2418cc3aafc7aa2628) Importer(815301076,1909f56bfc062723c751e8b465ee728b)
Start importing Assets/Textures/RainMesh.blend using Guid(cad3a4414fb54c2418cc3aafc7aa2628) Importer(815301076,1909f56bfc062723c751e8b465ee728b)  -> (artifact id: 'b05bcd4cff2d8b4b717c6da42524d0c3') in 0.087658 seconds
  Import took 0.089893 seconds .

========================================================================
Received Import Request.
  Time since last request: 100.390264 seconds.
  path: Assets/Textures/RainMesh.blend
  artifactKey: Guid(cad3a4414fb54c2418cc3aafc7aa2628) Importer(815301076,1909f56bfc062723c751e8b465ee728b)
Start importing Assets/Textures/RainMesh.blend using Guid(cad3a4414fb54c2418cc3aafc7aa2628) Importer(815301076,1909f56bfc062723c751e8b465ee728b)  -> (artifact id: '92e21661dc45bb44eb00614cf54c5a62') in 0.079790 seconds
  Import took 0.082338 seconds .

========================================================================
Received Prepare
Registering precompiled user dll's ...
Registered in 0.000633 seconds.
Begin MonoManager ReloadAssembly
Native extension for WindowsStandalone target not found
Refreshing native plugins compatible for Editor in 0.38 ms, found 0 plugins.
Preloading 0 native plugins for Editor in 0.00 ms.
Invoked RoslynAnalysisRunner static constructor.
RoslynAnalysisRunner will not be running.
RoslynAnalysisRunner has terminated.
Mono: successfully reloaded assembly
- Completed reload, in  0.640 seconds
Platform modules already initialized, skipping
Refreshing native plugins compatible for Editor in 0.32 ms, found 0 plugins.
Preloading 0 native plugins for Editor in 0.00 ms.
Unloading 1254 Unused Serialized files (Serialized files now loaded: 0)
System memory in use before: 90.0 MB.
System memory in use after: 89.7 MB.

Unloading 7 unused Assets to reduce memory usage. Loaded Objects now: 1822.
Total: 1.814000 ms (FindLiveObjects: 0.175700 ms CreateObjectMapping: 0.029200 ms MarkObjects: 1.248100 ms  DeleteObjects: 0.360200 ms)

========================================================================
Received Import Request.
  Time since last request: 478.740584 seconds.
  path: Assets/Textures/RainMesh.blend
  artifactKey: Guid(cad3a4414fb54c2418cc3aafc7aa2628) Importer(815301076,1909f56bfc062723c751e8b465ee728b)
Start importing Assets/Textures/RainMesh.blend using Guid(cad3a4414fb54c2418cc3aafc7aa2628) Importer(815301076,1909f56bfc062723c751e8b465ee728b)  -> (artifact id: '386263ecb29df519fe88b39bbeb58f39') in 0.100987 seconds
  Import took 0.103347 seconds .

========================================================================
Received Import Request.
  Time since last request: 114.190773 seconds.
  path: Assets/Textures/RainMesh.blend
  artifactKey: Guid(cad3a4414fb54c2418cc3aafc7aa2628) Importer(815301076,1909f56bfc062723c751e8b465ee728b)
Start importing Assets/Textures/RainMesh.blend using Guid(cad3a4414fb54c2418cc3aafc7aa2628) Importer(815301076,1909f56bfc062723c751e8b465ee728b)  -> (artifact id: '50df4012645d341efbc58ce0e345944d') in 0.033765 seconds
  Import took 0.036122 seconds .

========================================================================
Received Import Request.
  Time since last request: 240.391468 seconds.
  path: Assets/AssetStorePacks/Standard Assets/Environment/Water/Water/Materials/WaterPlaneMaterial.mat
  artifactKey: Guid(f1bc741ea0e69a241896582ddb633d55) Importer(815301076,1909f56bfc062723c751e8b465ee728b)
Start importing Assets/AssetStorePacks/Standard Assets/Environment/Water/Water/Materials/WaterPlaneMaterial.mat using Guid(f1bc741ea0e69a241896582ddb633d55) Importer(815301076,1909f56bfc062723c751e8b465ee728b)  -> (artifact id: '59d1cc74f93814c41a39251105049b4f') in 0.016724 seconds
  Import took 0.019281 seconds .

========================================================================
Received Import Request.
  Time since last request: 0.001319 seconds.
  path: Assets/AssetStorePacks/Standard Assets/Environment/Water/Water/Materials/WaterPlaneMaterial.mat
  artifactKey: Guid(f1bc741ea0e69a241896582ddb633d55) Importer(815301076,1909f56bfc062723c751e8b465ee728b)
Start importing Assets/AssetStorePacks/Standard Assets/Environment/Water/Water/Materials/WaterPlaneMaterial.mat using Guid(f1bc741ea0e69a241896582ddb633d55) Importer(815301076,1909f56bfc062723c751e8b465ee728b)  -> (artifact id: '59d1cc74f93814c41a39251105049b4f') in 0.010864 seconds
  Import took 0.013007 seconds .

========================================================================
Received Import Request.
  Time since last request: 24.455660 seconds.
  path: Assets/AssetStorePacks/Standard Assets/Environment/Water/Water/Materials/WaterPlaneMaterial.mat
  artifactKey: Guid(f1bc741ea0e69a241896582ddb633d55) Importer(815301076,1909f56bfc062723c751e8b465ee728b)
Start importing Assets/AssetStorePacks/Standard Assets/Environment/Water/Water/Materials/WaterPlaneMaterial.mat using Guid(f1bc741ea0e69a241896582ddb633d55) Importer(815301076,1909f56bfc062723c751e8b465ee728b)  -> (artifact id: 'e848424fd7abb4940b4896292dc9fbfb') in 0.071707 seconds
  Import took 0.074454 seconds .

========================================================================
Received Prepare
Registering precompiled user dll's ...
Registered in 0.000753 seconds.
Begin MonoManager ReloadAssembly
Native extension for WindowsStandalone target not found
Refreshing native plugins compatible for Editor in 0.38 ms, found 0 plugins.
Preloading 0 native plugins for Editor in 0.00 ms.
Invoked RoslynAnalysisRunner static constructor.
RoslynAnalysisRunner will not be running.
RoslynAnalysisRunner has terminated.
Mono: successfully reloaded assembly
- Completed reload, in  0.676 seconds
Platform modules already initialized, skipping
Refreshing native plugins compatible for Editor in 0.40 ms, found 0 plugins.
Preloading 0 native plugins for Editor in 0.00 ms.
Unloading 1254 Unused Serialized files (Serialized files now loaded: 0)
System memory in use before: 90.0 MB.
System memory in use after: 89.7 MB.

Unloading 8 unused Assets to reduce memory usage. Loaded Objects now: 1826.
Total: 2.007400 ms (FindLiveObjects: 0.230600 ms CreateObjectMapping: 0.038700 ms MarkObjects: 1.345600 ms  DeleteObjects: 0.391000 ms)

========================================================================
Received Import Request.
  Time since last request: 223.820437 seconds.
  path: Assets/Scripts/Day & Weather
  artifactKey: Guid(49ae887c782803444a3806e8197b715d) Importer(815301076,1909f56bfc062723c751e8b465ee728b)
Start importing Assets/Scripts/Day & Weather using Guid(49ae887c782803444a3806e8197b715d) Importer(815301076,1909f56bfc062723c751e8b465ee728b)  -> (artifact id: '367ba06c8003c01e37bf223d96e1b481') in 0.009394 seconds
  Import took 0.012048 seconds .

========================================================================
Received Import Request.
  Time since last request: 0.052993 seconds.
  path: Assets/Scripts/Day & Weather
  artifactKey: Guid(49ae887c782803444a3806e8197b715d) Importer(815301076,1909f56bfc062723c751e8b465ee728b)
Start importing Assets/Scripts/Day & Weather using Guid(49ae887c782803444a3806e8197b715d) Importer(815301076,1909f56bfc062723c751e8b465ee728b)  -> (artifact id: '367ba06c8003c01e37bf223d96e1b481') in 0.002217 seconds
  Import took 0.004173 seconds .

========================================================================
Received Prepare
Registering precompiled user dll's ...
Registered in 0.000611 seconds.
Begin MonoManager ReloadAssembly
Native extension for WindowsStandalone target not found
Refreshing native plugins compatible for Editor in 0.32 ms, found 0 plugins.
Preloading 0 native plugins for Editor in 0.00 ms.
Invoked RoslynAnalysisRunner static constructor.
RoslynAnalysisRunner will not be running.
RoslynAnalysisRunner has terminated.
Mono: successfully reloaded assembly
- Completed reload, in  0.660 seconds
Platform modules already initialized, skipping
Refreshing native plugins compatible for Editor in 0.32 ms, found 0 plugins.
Preloading 0 native plugins for Editor in 0.00 ms.
Unloading 1254 Unused Serialized files (Serialized files now loaded: 0)
System memory in use before: 90.1 MB.
System memory in use after: 89.8 MB.

Unloading 7 unused Assets to reduce memory usage. Loaded Objects now: 1829.
Total: 1.979600 ms (FindLiveObjects: 0.145900 ms CreateObjectMapping: 0.032400 ms MarkObjects: 1.395700 ms  DeleteObjects: 0.404600 ms)

========================================================================
Received Import Request.
  Time since last request: 94.042018 seconds.
  path: Assets/Scripts/Day & Weather/RainScript.cs
  artifactKey: Guid(2c7fca9e055542043878b8369b017608) Importer(815301076,1909f56bfc062723c751e8b465ee728b)
Start importing Assets/Scripts/Day & Weather/RainScript.cs using Guid(2c7fca9e055542043878b8369b017608) Importer(815301076,1909f56bfc062723c751e8b465ee728b)  -> (artifact id: '40f0962bdf1d6d096d30874820f5bf48') in 0.027697 seconds
  Import took 0.030212 seconds .

========================================================================
Received Import Request.
  Time since last request: 1.661158 seconds.
  path: Assets/Scripts/Day & Weather/RainScript.cs
  artifactKey: Guid(2c7fca9e055542043878b8369b017608) Importer(815301076,1909f56bfc062723c751e8b465ee728b)
Start importing Assets/Scripts/Day & Weather/RainScript.cs using Guid(2c7fca9e055542043878b8369b017608) Importer(815301076,1909f56bfc062723c751e8b465ee728b)  -> (artifact id: '40f0962bdf1d6d096d30874820f5bf48') in 0.002816 seconds
  Import took 0.005303 seconds .

========================================================================
Received Prepare
Registering precompiled user dll's ...
Registered in 0.000596 seconds.
Begin MonoManager ReloadAssembly
Native extension for WindowsStandalone target not found
Refreshing native plugins compatible for Editor in 0.35 ms, found 0 plugins.
Preloading 0 native plugins for Editor in 0.00 ms.
Invoked RoslynAnalysisRunner static constructor.
RoslynAnalysisRunner will not be running.
RoslynAnalysisRunner has terminated.
Mono: successfully reloaded assembly
- Completed reload, in  0.606 seconds
Platform modules already initialized, skipping
Refreshing native plugins compatible for Editor in 0.34 ms, found 0 plugins.
Preloading 0 native plugins for Editor in 0.00 ms.
Unloading 1254 Unused Serialized files (Serialized files now loaded: 0)
System memory in use before: 90.1 MB.
System memory in use after: 89.8 MB.

Unloading 7 unused Assets to reduce memory usage. Loaded Objects now: 1832.
Total: 2.097000 ms (FindLiveObjects: 0.176600 ms CreateObjectMapping: 0.034000 ms MarkObjects: 1.480700 ms  DeleteObjects: 0.404300 ms)

========================================================================
Received Prepare
Registering precompiled user dll's ...
Registered in 0.000580 seconds.
Begin MonoManager ReloadAssembly
Native extension for WindowsStandalone target not found
Refreshing native plugins compatible for Editor in 0.40 ms, found 0 plugins.
Preloading 0 native plugins for Editor in 0.00 ms.
Invoked RoslynAnalysisRunner static constructor.
RoslynAnalysisRunner will not be running.
RoslynAnalysisRunner has terminated.
Mono: successfully reloaded assembly
- Completed reload, in  0.631 seconds
Platform modules already initialized, skipping
Refreshing native plugins compatible for Editor in 0.33 ms, found 0 plugins.
Preloading 0 native plugins for Editor in 0.00 ms.
Unloading 1254 Unused Serialized files (Serialized files now loaded: 0)
System memory in use before: 90.1 MB.
System memory in use after: 89.8 MB.

Unloading 7 unused Assets to reduce memory usage. Loaded Objects now: 1835.
Total: 1.954400 ms (FindLiveObjects: 0.187100 ms CreateObjectMapping: 0.029200 ms MarkObjects: 1.308300 ms  DeleteObjects: 0.428500 ms)

========================================================================
Received Prepare
Registering precompiled user dll's ...
Registered in 0.000584 seconds.
Begin MonoManager ReloadAssembly
Native extension for WindowsStandalone target not found
Refreshing native plugins compatible for Editor in 0.45 ms, found 0 plugins.
Preloading 0 native plugins for Editor in 0.00 ms.
Invoked RoslynAnalysisRunner static constructor.
RoslynAnalysisRunner will not be running.
RoslynAnalysisRunner has terminated.
Mono: successfully reloaded assembly
- Completed reload, in  0.702 seconds
Platform modules already initialized, skipping
Refreshing native plugins compatible for Editor in 0.36 ms, found 0 plugins.
Preloading 0 native plugins for Editor in 0.00 ms.
Unloading 1254 Unused Serialized files (Serialized files now loaded: 0)
System memory in use before: 90.1 MB.
System memory in use after: 89.8 MB.

Unloading 7 unused Assets to reduce memory usage. Loaded Objects now: 1838.
Total: 2.073600 ms (FindLiveObjects: 0.194100 ms CreateObjectMapping: 0.035300 ms MarkObjects: 1.407800 ms  DeleteObjects: 0.435500 ms)

========================================================================
Received Prepare
Registering precompiled user dll's ...
Registered in 0.000726 seconds.
Begin MonoManager ReloadAssembly
Native extension for WindowsStandalone target not found
Refreshing native plugins compatible for Editor in 0.49 ms, found 0 plugins.
Preloading 0 native plugins for Editor in 0.00 ms.
Invoked RoslynAnalysisRunner static constructor.
RoslynAnalysisRunner will not be running.
RoslynAnalysisRunner has terminated.
Mono: successfully reloaded assembly
- Completed reload, in  0.663 seconds
Platform modules already initialized, skipping
Refreshing native plugins compatible for Editor in 0.37 ms, found 0 plugins.
Preloading 0 native plugins for Editor in 0.00 ms.
Unloading 1254 Unused Serialized files (Serialized files now loaded: 0)
System memory in use before: 90.1 MB.
System memory in use after: 89.8 MB.

Unloading 7 unused Assets to reduce memory usage. Loaded Objects now: 1841.
Total: 2.528400 ms (FindLiveObjects: 0.282600 ms CreateObjectMapping: 0.040800 ms MarkObjects: 1.630900 ms  DeleteObjects: 0.573200 ms)

========================================================================
Received Prepare
Registering precompiled user dll's ...
Registered in 0.000641 seconds.
Begin MonoManager ReloadAssembly
Native extension for WindowsStandalone target not found
Refreshing native plugins compatible for Editor in 0.34 ms, found 0 plugins.
Preloading 0 native plugins for Editor in 0.00 ms.
Invoked RoslynAnalysisRunner static constructor.
RoslynAnalysisRunner will not be running.
RoslynAnalysisRunner has terminated.
Mono: successfully reloaded assembly
- Completed reload, in  0.662 seconds
Platform modules already initialized, skipping
Refreshing native plugins compatible for Editor in 0.37 ms, found 0 plugins.
Preloading 0 native plugins for Editor in 0.00 ms.
Unloading 1254 Unused Serialized files (Serialized files now loaded: 0)
System memory in use before: 90.1 MB.
System memory in use after: 89.8 MB.

Unloading 7 unused Assets to reduce memory usage. Loaded Objects now: 1844.
Total: 2.313200 ms (FindLiveObjects: 0.208000 ms CreateObjectMapping: 0.030800 ms MarkObjects: 1.626500 ms  DeleteObjects: 0.446900 ms)

========================================================================
Received Prepare
Registering precompiled user dll's ...
Registered in 0.000627 seconds.
Begin MonoManager ReloadAssembly
Native extension for WindowsStandalone target not found
Refreshing native plugins compatible for Editor in 0.32 ms, found 0 plugins.
Preloading 0 native plugins for Editor in 0.00 ms.
Invoked RoslynAnalysisRunner static constructor.
RoslynAnalysisRunner will not be running.
RoslynAnalysisRunner has terminated.
Mono: successfully reloaded assembly
- Completed reload, in  0.666 seconds
Platform modules already initialized, skipping
Refreshing native plugins compatible for Editor in 0.48 ms, found 0 plugins.
Preloading 0 native plugins for Editor in 0.00 ms.
Unloading 1254 Unused Serialized files (Serialized files now loaded: 0)
System memory in use before: 90.1 MB.
System memory in use after: 89.8 MB.

Unloading 7 unused Assets to reduce memory usage. Loaded Objects now: 1847.
Total: 2.195400 ms (FindLiveObjects: 0.201900 ms CreateObjectMapping: 0.035200 ms MarkObjects: 1.479900 ms  DeleteObjects: 0.477600 ms)

========================================================================
Received Prepare
Registering precompiled user dll's ...
Registered in 0.000674 seconds.
Begin MonoManager ReloadAssembly
Native extension for WindowsStandalone target not found
Refreshing native plugins compatible for Editor in 0.34 ms, found 0 plugins.
Preloading 0 native plugins for Editor in 0.00 ms.
Invoked RoslynAnalysisRunner static constructor.
RoslynAnalysisRunner will not be running.
RoslynAnalysisRunner has terminated.
Mono: successfully reloaded assembly
- Completed reload, in  0.627 seconds
Platform modules already initialized, skipping
Refreshing native plugins compatible for Editor in 0.33 ms, found 0 plugins.
Preloading 0 native plugins for Editor in 0.00 ms.
Unloading 1254 Unused Serialized files (Serialized files now loaded: 0)
System memory in use before: 90.1 MB.
System memory in use after: 89.8 MB.

Unloading 7 unused Assets to reduce memory usage. Loaded Objects now: 1850.
Total: 1.955700 ms (FindLiveObjects: 0.192500 ms CreateObjectMapping: 0.031900 ms MarkObjects: 1.337200 ms  DeleteObjects: 0.393300 ms)

AssetImportWorkerClient::OnTransportError - code=2 error=End of file
